{"/home/runner/work/express-ts/express-ts/packages/serve/src/app.ts": {"path":"/home/runner/work/express-ts/express-ts/packages/serve/src/app.ts","all":false,"statementMap":{"0":{"start":{"line":1,"column":0},"end":{"line":1,"column":29}},"1":{"start":{"line":2,"column":0},"end":{"line":2,"column":31}},"2":{"start":{"line":3,"column":0},"end":{"line":3,"column":36}},"3":{"start":{"line":4,"column":0},"end":{"line":4,"column":23}},"4":{"start":{"line":5,"column":0},"end":{"line":5,"column":36}},"5":{"start":{"line":6,"column":0},"end":{"line":6,"column":34}},"6":{"start":{"line":7,"column":0},"end":{"line":7,"column":42}},"7":{"start":{"line":8,"column":0},"end":{"line":8,"column":36}},"8":{"start":{"line":9,"column":0},"end":{"line":9,"column":29}},"9":{"start":{"line":10,"column":0},"end":{"line":10,"column":36}},"10":{"start":{"line":11,"column":0},"end":{"line":11,"column":39}},"11":{"start":{"line":12,"column":0},"end":{"line":12,"column":78}},"12":{"start":{"line":13,"column":0},"end":{"line":13,"column":28}},"13":{"start":{"line":14,"column":0},"end":{"line":14,"column":40}},"14":{"start":{"line":15,"column":0},"end":{"line":15,"column":0}},"15":{"start":{"line":16,"column":0},"end":{"line":16,"column":32}},"16":{"start":{"line":17,"column":0},"end":{"line":17,"column":23}},"17":{"start":{"line":18,"column":0},"end":{"line":18,"column":0}},"18":{"start":{"line":19,"column":0},"end":{"line":19,"column":24}},"19":{"start":{"line":20,"column":0},"end":{"line":20,"column":43}},"20":{"start":{"line":21,"column":0},"end":{"line":21,"column":50}},"21":{"start":{"line":22,"column":0},"end":{"line":22,"column":0}},"22":{"start":{"line":23,"column":0},"end":{"line":23,"column":31}},"23":{"start":{"line":24,"column":0},"end":{"line":24,"column":28}},"24":{"start":{"line":25,"column":0},"end":{"line":25,"column":4}},"25":{"start":{"line":26,"column":0},"end":{"line":26,"column":15}},"26":{"start":{"line":27,"column":0},"end":{"line":27,"column":28}},"27":{"start":{"line":28,"column":0},"end":{"line":28,"column":53}},"28":{"start":{"line":29,"column":0},"end":{"line":29,"column":22}},"29":{"start":{"line":30,"column":0},"end":{"line":30,"column":17}},"30":{"start":{"line":31,"column":0},"end":{"line":31,"column":19}},"31":{"start":{"line":32,"column":0},"end":{"line":32,"column":19}},"32":{"start":{"line":33,"column":0},"end":{"line":33,"column":20}},"33":{"start":{"line":34,"column":0},"end":{"line":34,"column":27}},"34":{"start":{"line":35,"column":0},"end":{"line":35,"column":23}},"35":{"start":{"line":36,"column":0},"end":{"line":36,"column":13}},"36":{"start":{"line":37,"column":0},"end":{"line":37,"column":27}},"37":{"start":{"line":38,"column":0},"end":{"line":38,"column":25}},"38":{"start":{"line":39,"column":0},"end":{"line":39,"column":19}},"39":{"start":{"line":40,"column":0},"end":{"line":40,"column":8}},"40":{"start":{"line":41,"column":0},"end":{"line":41,"column":6}},"41":{"start":{"line":42,"column":0},"end":{"line":42,"column":4}},"42":{"start":{"line":43,"column":0},"end":{"line":43,"column":0}},"43":{"start":{"line":44,"column":0},"end":{"line":44,"column":26}},"44":{"start":{"line":45,"column":0},"end":{"line":45,"column":15}},"45":{"start":{"line":46,"column":0},"end":{"line":46,"column":28}},"46":{"start":{"line":47,"column":0},"end":{"line":47,"column":12}},"47":{"start":{"line":48,"column":0},"end":{"line":48,"column":1}}},"s":{"0":1,"1":1,"2":1,"3":1,"4":1,"5":1,"6":1,"7":1,"8":1,"9":1,"10":1,"11":1,"12":1,"13":1,"14":1,"15":1,"16":1,"17":1,"18":1,"19":1,"20":1,"21":1,"22":1,"23":1,"24":1,"25":1,"26":1,"27":1,"28":1,"29":1,"30":1,"31":1,"32":1,"33":1,"34":1,"35":1,"36":1,"37":48,"38":48,"39":1,"40":1,"41":1,"42":1,"43":1,"44":1,"45":1,"46":1,"47":1},"branchMap":{"0":{"type":"branch","line":12,"loc":{"start":{"line":12,"column":70},"end":{"line":12,"column":78}},"locations":[{"start":{"line":12,"column":70},"end":{"line":12,"column":78}}]},"1":{"type":"branch","line":16,"loc":{"start":{"line":16,"column":25},"end":{"line":48,"column":1}},"locations":[{"start":{"line":16,"column":25},"end":{"line":48,"column":1}}]},"2":{"type":"branch","line":20,"loc":{"start":{"line":20,"column":34},"end":{"line":20,"column":42}},"locations":[{"start":{"line":20,"column":34},"end":{"line":20,"column":42}}]},"3":{"type":"branch","line":21,"loc":{"start":{"line":21,"column":41},"end":{"line":21,"column":49}},"locations":[{"start":{"line":21,"column":41},"end":{"line":21,"column":49}}]},"4":{"type":"branch","line":23,"loc":{"start":{"line":23,"column":15},"end":{"line":25,"column":3}},"locations":[{"start":{"line":23,"column":15},"end":{"line":25,"column":3}}]},"5":{"type":"branch","line":37,"loc":{"start":{"line":37,"column":13},"end":{"line":40,"column":7}},"locations":[{"start":{"line":37,"column":13},"end":{"line":40,"column":7}}]}},"b":{"0":[0],"1":[1],"2":[0],"3":[0],"4":[1],"5":[48]},"fnMap":{"0":{"name":"createApp","decl":{"start":{"line":16,"column":25},"end":{"line":48,"column":1}},"loc":{"start":{"line":16,"column":25},"end":{"line":48,"column":1}},"line":16},"1":{"name":"write","decl":{"start":{"line":37,"column":13},"end":{"line":40,"column":7}},"loc":{"start":{"line":37,"column":13},"end":{"line":40,"column":7}},"line":37}},"f":{"0":1,"1":48}}
,"/home/runner/work/express-ts/express-ts/packages/serve/src/msg.ts": {"path":"/home/runner/work/express-ts/express-ts/packages/serve/src/msg.ts","all":false,"statementMap":{"0":{"start":{"line":1,"column":0},"end":{"line":1,"column":19}},"1":{"start":{"line":2,"column":0},"end":{"line":2,"column":23}},"2":{"start":{"line":3,"column":0},"end":{"line":3,"column":5}},"3":{"start":{"line":4,"column":0},"end":{"line":4,"column":15}},"4":{"start":{"line":5,"column":0},"end":{"line":5,"column":45}},"5":{"start":{"line":6,"column":0},"end":{"line":6,"column":25}},"6":{"start":{"line":7,"column":0},"end":{"line":7,"column":37}},"7":{"start":{"line":8,"column":0},"end":{"line":8,"column":25}},"8":{"start":{"line":9,"column":0},"end":{"line":9,"column":21}},"9":{"start":{"line":10,"column":0},"end":{"line":10,"column":23}},"10":{"start":{"line":11,"column":0},"end":{"line":11,"column":1}}},"s":{"0":1,"1":1,"2":1,"3":1,"4":1,"5":1,"6":1,"7":1,"8":1,"9":1,"10":1},"branchMap":{},"b":{},"fnMap":{},"f":{}}
,"/home/runner/work/express-ts/express-ts/packages/serve/src/middleware/auth.ts": {"path":"/home/runner/work/express-ts/express-ts/packages/serve/src/middleware/auth.ts","all":false,"statementMap":{"0":{"start":{"line":1,"column":0},"end":{"line":1,"column":27}},"1":{"start":{"line":2,"column":0},"end":{"line":2,"column":57}},"2":{"start":{"line":3,"column":0},"end":{"line":3,"column":47}},"3":{"start":{"line":4,"column":0},"end":{"line":4,"column":30}},"4":{"start":{"line":5,"column":0},"end":{"line":5,"column":0}},"5":{"start":{"line":6,"column":0},"end":{"line":6,"column":75}},"6":{"start":{"line":7,"column":0},"end":{"line":7,"column":54}},"7":{"start":{"line":8,"column":0},"end":{"line":8,"column":15}},"8":{"start":{"line":9,"column":0},"end":{"line":9,"column":79}},"9":{"start":{"line":10,"column":0},"end":{"line":10,"column":10}},"10":{"start":{"line":11,"column":0},"end":{"line":11,"column":3}},"11":{"start":{"line":12,"column":0},"end":{"line":12,"column":7}},"12":{"start":{"line":13,"column":0},"end":{"line":13,"column":72}},"13":{"start":{"line":14,"column":0},"end":{"line":14,"column":33}},"14":{"start":{"line":15,"column":0},"end":{"line":15,"column":70}},"15":{"start":{"line":16,"column":0},"end":{"line":16,"column":69}},"16":{"start":{"line":17,"column":0},"end":{"line":17,"column":29}},"17":{"start":{"line":18,"column":0},"end":{"line":18,"column":12}},"18":{"start":{"line":19,"column":0},"end":{"line":19,"column":30}},"19":{"start":{"line":20,"column":0},"end":{"line":20,"column":5}},"20":{"start":{"line":21,"column":0},"end":{"line":21,"column":26}},"21":{"start":{"line":22,"column":0},"end":{"line":22,"column":10}},"22":{"start":{"line":23,"column":0},"end":{"line":23,"column":17}},"23":{"start":{"line":24,"column":0},"end":{"line":24,"column":78}},"24":{"start":{"line":25,"column":0},"end":{"line":25,"column":10}},"25":{"start":{"line":26,"column":0},"end":{"line":26,"column":3}},"26":{"start":{"line":27,"column":0},"end":{"line":27,"column":1}}},"s":{"0":1,"1":1,"2":1,"3":1,"4":1,"5":4,"6":4,"7":4,"8":1,"9":1,"10":1,"11":3,"12":4,"13":4,"14":4,"15":4,"16":2,"17":4,"18":0,"19":0,"20":2,"21":2,"22":4,"23":1,"24":1,"25":1,"26":4},"branchMap":{"0":{"type":"branch","line":6,"loc":{"start":{"line":6,"column":0},"end":{"line":27,"column":1}},"locations":[{"start":{"line":6,"column":0},"end":{"line":27,"column":1}}]},"1":{"type":"branch","line":7,"loc":{"start":{"line":7,"column":32},"end":{"line":7,"column":34}},"locations":[{"start":{"line":7,"column":32},"end":{"line":7,"column":34}}]},"2":{"type":"branch","line":8,"loc":{"start":{"line":8,"column":14},"end":{"line":11,"column":3}},"locations":[{"start":{"line":8,"column":14},"end":{"line":11,"column":3}}]},"3":{"type":"branch","line":12,"loc":{"start":{"line":12,"column":-1},"end":{"line":13,"column":44}},"locations":[{"start":{"line":12,"column":-1},"end":{"line":13,"column":44}}]},"4":{"type":"branch","line":13,"loc":{"start":{"line":13,"column":40},"end":{"line":13,"column":46}},"locations":[{"start":{"line":13,"column":40},"end":{"line":13,"column":46}}]},"5":{"type":"branch","line":15,"loc":{"start":{"line":15,"column":31},"end":{"line":15,"column":33}},"locations":[{"start":{"line":15,"column":31},"end":{"line":15,"column":33}}]},"6":{"type":"branch","line":15,"loc":{"start":{"line":15,"column":31},"end":{"line":15,"column":33}},"locations":[{"start":{"line":15,"column":31},"end":{"line":15,"column":33}}]},"7":{"type":"branch","line":15,"loc":{"start":{"line":15,"column":31},"end":{"line":15,"column":36}},"locations":[{"start":{"line":15,"column":31},"end":{"line":15,"column":36}}]},"8":{"type":"branch","line":15,"loc":{"start":{"line":15,"column":36},"end":{"line":15,"column":41}},"locations":[{"start":{"line":15,"column":36},"end":{"line":15,"column":41}}]},"9":{"type":"branch","line":16,"loc":{"start":{"line":16,"column":56},"end":{"line":16,"column":61}},"locations":[{"start":{"line":16,"column":56},"end":{"line":16,"column":61}}]},"10":{"type":"branch","line":16,"loc":{"start":{"line":16,"column":68},"end":{"line":18,"column":11}},"locations":[{"start":{"line":16,"column":68},"end":{"line":18,"column":11}}]},"11":{"type":"branch","line":18,"loc":{"start":{"line":18,"column":5},"end":{"line":20,"column":5}},"locations":[{"start":{"line":18,"column":5},"end":{"line":20,"column":5}}]},"12":{"type":"branch","line":21,"loc":{"start":{"line":21,"column":-1},"end":{"line":23,"column":11}},"locations":[{"start":{"line":21,"column":-1},"end":{"line":23,"column":11}}]},"13":{"type":"branch","line":23,"loc":{"start":{"line":23,"column":4},"end":{"line":26,"column":3}},"locations":[{"start":{"line":23,"column":4},"end":{"line":26,"column":3}}]}},"b":{"0":[4],"1":[0],"2":[1],"3":[3],"4":[0],"5":[2],"6":[0],"7":[2],"8":[0],"9":[0],"10":[2],"11":[0],"12":[2],"13":[1]},"fnMap":{"0":{"name":"default_1","decl":{"start":{"line":6,"column":0},"end":{"line":27,"column":1}},"loc":{"start":{"line":6,"column":0},"end":{"line":27,"column":1}},"line":6}},"f":{"0":4}}
,"/home/runner/work/express-ts/express-ts/packages/serve/src/models/User.ts": {"path":"/home/runner/work/express-ts/express-ts/packages/serve/src/models/User.ts","all":false,"statementMap":{"0":{"start":{"line":1,"column":0},"end":{"line":1,"column":40}},"1":{"start":{"line":2,"column":0},"end":{"line":2,"column":0}},"2":{"start":{"line":3,"column":0},"end":{"line":3,"column":24}},"3":{"start":{"line":4,"column":0},"end":{"line":4,"column":14}},"4":{"start":{"line":5,"column":0},"end":{"line":5,"column":18}},"5":{"start":{"line":6,"column":0},"end":{"line":6,"column":18}},"6":{"start":{"line":7,"column":0},"end":{"line":7,"column":13}},"7":{"start":{"line":8,"column":0},"end":{"line":8,"column":21}},"8":{"start":{"line":9,"column":0},"end":{"line":9,"column":21}},"9":{"start":{"line":10,"column":0},"end":{"line":10,"column":20}},"10":{"start":{"line":11,"column":0},"end":{"line":11,"column":1}},"11":{"start":{"line":12,"column":0},"end":{"line":12,"column":38}},"12":{"start":{"line":13,"column":0},"end":{"line":13,"column":13}},"13":{"start":{"line":14,"column":0},"end":{"line":14,"column":17}},"14":{"start":{"line":15,"column":0},"end":{"line":15,"column":19}},"15":{"start":{"line":16,"column":0},"end":{"line":16,"column":17}},"16":{"start":{"line":17,"column":0},"end":{"line":17,"column":4}},"17":{"start":{"line":18,"column":0},"end":{"line":18,"column":13}},"18":{"start":{"line":19,"column":0},"end":{"line":19,"column":17}},"19":{"start":{"line":20,"column":0},"end":{"line":20,"column":19}},"20":{"start":{"line":21,"column":0},"end":{"line":21,"column":4}},"21":{"start":{"line":22,"column":0},"end":{"line":22,"column":7}},"22":{"start":{"line":23,"column":0},"end":{"line":23,"column":17}},"23":{"start":{"line":24,"column":0},"end":{"line":24,"column":4}},"24":{"start":{"line":25,"column":0},"end":{"line":25,"column":15}},"25":{"start":{"line":26,"column":0},"end":{"line":26,"column":15}},"26":{"start":{"line":27,"column":0},"end":{"line":27,"column":24}},"27":{"start":{"line":28,"column":0},"end":{"line":28,"column":4}},"28":{"start":{"line":29,"column":0},"end":{"line":29,"column":15}},"29":{"start":{"line":30,"column":0},"end":{"line":30,"column":15}},"30":{"start":{"line":31,"column":0},"end":{"line":31,"column":24}},"31":{"start":{"line":32,"column":0},"end":{"line":32,"column":4}},"32":{"start":{"line":33,"column":0},"end":{"line":33,"column":14}},"33":{"start":{"line":34,"column":0},"end":{"line":34,"column":15}},"34":{"start":{"line":35,"column":0},"end":{"line":35,"column":24}},"35":{"start":{"line":36,"column":0},"end":{"line":36,"column":4}},"36":{"start":{"line":37,"column":0},"end":{"line":37,"column":2}},"37":{"start":{"line":38,"column":0},"end":{"line":38,"column":45}},"38":{"start":{"line":39,"column":0},"end":{"line":39,"column":19}}},"s":{"0":1,"1":1,"2":1,"3":1,"4":1,"5":1,"6":1,"7":1,"8":1,"9":1,"10":1,"11":1,"12":1,"13":1,"14":1,"15":1,"16":1,"17":1,"18":1,"19":1,"20":1,"21":1,"22":1,"23":1,"24":1,"25":1,"26":1,"27":1,"28":1,"29":1,"30":1,"31":1,"32":1,"33":1,"34":1,"35":1,"36":1,"37":1,"38":1},"branchMap":{},"b":{},"fnMap":{},"f":{}}
,"/home/runner/work/express-ts/express-ts/packages/serve/src/routes/api/pub.ts": {"path":"/home/runner/work/express-ts/express-ts/packages/serve/src/routes/api/pub.ts","all":false,"statementMap":{"0":{"start":{"line":1,"column":0},"end":{"line":1,"column":51}},"1":{"start":{"line":2,"column":0},"end":{"line":2,"column":59}},"2":{"start":{"line":3,"column":0},"end":{"line":3,"column":45}},"3":{"start":{"line":4,"column":0},"end":{"line":4,"column":42}},"4":{"start":{"line":5,"column":0},"end":{"line":5,"column":58}},"5":{"start":{"line":6,"column":0},"end":{"line":6,"column":0}},"6":{"start":{"line":7,"column":0},"end":{"line":7,"column":31}},"7":{"start":{"line":8,"column":0},"end":{"line":8,"column":11}},"8":{"start":{"line":9,"column":0},"end":{"line":9,"column":11}},"9":{"start":{"line":10,"column":0},"end":{"line":10,"column":3}},"10":{"start":{"line":11,"column":0},"end":{"line":11,"column":67}},"11":{"start":{"line":12,"column":0},"end":{"line":12,"column":13}},"12":{"start":{"line":13,"column":0},"end":{"line":13,"column":14}},"13":{"start":{"line":14,"column":0},"end":{"line":14,"column":7}},"14":{"start":{"line":15,"column":0},"end":{"line":15,"column":10}},"15":{"start":{"line":16,"column":0},"end":{"line":16,"column":17}},"16":{"start":{"line":17,"column":0},"end":{"line":17,"column":57}},"17":{"start":{"line":18,"column":0},"end":{"line":18,"column":36}},"18":{"start":{"line":19,"column":0},"end":{"line":19,"column":4}},"19":{"start":{"line":20,"column":0},"end":{"line":20,"column":42}},"20":{"start":{"line":21,"column":0},"end":{"line":21,"column":25}},"21":{"start":{"line":22,"column":0},"end":{"line":22,"column":31}},"22":{"start":{"line":23,"column":0},"end":{"line":23,"column":24}},"23":{"start":{"line":24,"column":0},"end":{"line":24,"column":39}},"24":{"start":{"line":25,"column":0},"end":{"line":25,"column":23}},"25":{"start":{"line":26,"column":0},"end":{"line":26,"column":5}},"26":{"start":{"line":27,"column":0},"end":{"line":27,"column":40}},"27":{"start":{"line":28,"column":0},"end":{"line":28,"column":28}},"28":{"start":{"line":29,"column":0},"end":{"line":29,"column":56}},"29":{"start":{"line":30,"column":0},"end":{"line":30,"column":12}},"30":{"start":{"line":31,"column":0},"end":{"line":31,"column":5}},"31":{"start":{"line":32,"column":0},"end":{"line":32,"column":9}},"32":{"start":{"line":33,"column":0},"end":{"line":33,"column":40}},"33":{"start":{"line":34,"column":0},"end":{"line":34,"column":18}},"34":{"start":{"line":35,"column":0},"end":{"line":35,"column":18}},"35":{"start":{"line":36,"column":0},"end":{"line":36,"column":47}},"36":{"start":{"line":37,"column":0},"end":{"line":37,"column":16}},"37":{"start":{"line":38,"column":0},"end":{"line":38,"column":14}},"38":{"start":{"line":39,"column":0},"end":{"line":39,"column":35}},"39":{"start":{"line":40,"column":0},"end":{"line":40,"column":19}},"40":{"start":{"line":41,"column":0},"end":{"line":41,"column":7}},"41":{"start":{"line":42,"column":0},"end":{"line":42,"column":59}},"42":{"start":{"line":43,"column":0},"end":{"line":43,"column":24}},"43":{"start":{"line":44,"column":0},"end":{"line":44,"column":46}},"44":{"start":{"line":45,"column":0},"end":{"line":45,"column":12}},"45":{"start":{"line":46,"column":0},"end":{"line":46,"column":17}},"46":{"start":{"line":47,"column":0},"end":{"line":47,"column":46}},"47":{"start":{"line":48,"column":0},"end":{"line":48,"column":12}},"48":{"start":{"line":49,"column":0},"end":{"line":49,"column":5}},"49":{"start":{"line":50,"column":0},"end":{"line":50,"column":3}},"50":{"start":{"line":51,"column":0},"end":{"line":51,"column":1}},"51":{"start":{"line":52,"column":0},"end":{"line":52,"column":0}},"52":{"start":{"line":53,"column":0},"end":{"line":53,"column":21}}},"s":{"0":1,"1":1,"2":1,"3":1,"4":1,"5":1,"6":1,"7":1,"8":1,"9":1,"10":1,"11":1,"12":1,"13":1,"14":1,"15":1,"16":1,"17":1,"18":1,"19":1,"20":12,"21":12,"22":11,"23":12,"24":1,"25":1,"26":12,"27":12,"28":5,"29":5,"30":5,"31":7,"32":7,"33":3,"34":12,"35":2,"36":2,"37":12,"38":1,"39":1,"40":1,"41":3,"42":3,"43":3,"44":3,"45":12,"46":4,"47":4,"48":4,"49":12,"50":1,"51":1,"52":1},"branchMap":{"0":{"type":"branch","line":20,"loc":{"start":{"line":20,"column":2},"end":{"line":50,"column":3}},"locations":[{"start":{"line":20,"column":2},"end":{"line":50,"column":3}}]},"1":{"type":"branch","line":20,"loc":{"start":{"line":20,"column":40},"end":{"line":50,"column":3}},"locations":[{"start":{"line":20,"column":40},"end":{"line":50,"column":3}}]},"2":{"type":"branch","line":22,"loc":{"start":{"line":22,"column":30},"end":{"line":24,"column":11}},"locations":[{"start":{"line":22,"column":30},"end":{"line":24,"column":11}}]},"3":{"type":"branch","line":24,"loc":{"start":{"line":24,"column":5},"end":{"line":26,"column":5}},"locations":[{"start":{"line":24,"column":5},"end":{"line":26,"column":5}}]},"4":{"type":"branch","line":28,"loc":{"start":{"line":28,"column":27},"end":{"line":31,"column":5}},"locations":[{"start":{"line":28,"column":27},"end":{"line":31,"column":5}}]},"5":{"type":"branch","line":32,"loc":{"start":{"line":32,"column":-1},"end":{"line":33,"column":40}},"locations":[{"start":{"line":32,"column":-1},"end":{"line":33,"column":40}}]},"6":{"type":"branch","line":34,"loc":{"start":{"line":34,"column":-1},"end":{"line":35,"column":17}},"locations":[{"start":{"line":34,"column":-1},"end":{"line":35,"column":17}}]},"7":{"type":"branch","line":35,"loc":{"start":{"line":35,"column":17},"end":{"line":38,"column":13}},"locations":[{"start":{"line":35,"column":17},"end":{"line":38,"column":13}}]},"8":{"type":"branch","line":38,"loc":{"start":{"line":38,"column":7},"end":{"line":41,"column":7}},"locations":[{"start":{"line":38,"column":7},"end":{"line":41,"column":7}}]},"9":{"type":"branch","line":42,"loc":{"start":{"line":42,"column":-1},"end":{"line":46,"column":13}},"locations":[{"start":{"line":42,"column":-1},"end":{"line":46,"column":13}}]},"10":{"type":"branch","line":46,"loc":{"start":{"line":46,"column":6},"end":{"line":49,"column":5}},"locations":[{"start":{"line":46,"column":6},"end":{"line":49,"column":5}}]},"11":{"type":"branch","line":47,"loc":{"start":{"line":47,"column":37},"end":{"line":47,"column":45}},"locations":[{"start":{"line":47,"column":37},"end":{"line":47,"column":45}}]}},"b":{"0":[12],"1":[12],"2":[11],"3":[1],"4":[5],"5":[7],"6":[3],"7":[2],"8":[1],"9":[3],"10":[4],"11":[0]},"fnMap":{},"f":{}}
,"/home/runner/work/express-ts/express-ts/packages/serve/src/routes/api/user.ts": {"path":"/home/runner/work/express-ts/express-ts/packages/serve/src/routes/api/user.ts","all":false,"statementMap":{"0":{"start":{"line":1,"column":0},"end":{"line":1,"column":51}},"1":{"start":{"line":2,"column":0},"end":{"line":2,"column":45}},"2":{"start":{"line":3,"column":0},"end":{"line":3,"column":53}},"3":{"start":{"line":4,"column":0},"end":{"line":4,"column":0}},"4":{"start":{"line":5,"column":0},"end":{"line":5,"column":31}},"5":{"start":{"line":6,"column":0},"end":{"line":6,"column":60}},"6":{"start":{"line":7,"column":0},"end":{"line":7,"column":57}},"7":{"start":{"line":8,"column":0},"end":{"line":8,"column":14}},"8":{"start":{"line":9,"column":0},"end":{"line":9,"column":31}},"9":{"start":{"line":10,"column":0},"end":{"line":10,"column":10}},"10":{"start":{"line":11,"column":0},"end":{"line":11,"column":3}},"11":{"start":{"line":12,"column":0},"end":{"line":12,"column":25}},"12":{"start":{"line":13,"column":0},"end":{"line":13,"column":8}},"13":{"start":{"line":14,"column":0},"end":{"line":14,"column":2}},"14":{"start":{"line":15,"column":0},"end":{"line":15,"column":0}},"15":{"start":{"line":16,"column":0},"end":{"line":16,"column":21}}},"s":{"0":1,"1":1,"2":1,"3":1,"4":1,"5":1,"6":2,"7":2,"8":1,"9":1,"10":1,"11":1,"12":1,"13":1,"14":1,"15":1},"branchMap":{"0":{"type":"branch","line":6,"loc":{"start":{"line":6,"column":20},"end":{"line":14,"column":2}},"locations":[{"start":{"line":6,"column":20},"end":{"line":14,"column":2}}]},"1":{"type":"branch","line":6,"loc":{"start":{"line":6,"column":58},"end":{"line":14,"column":2}},"locations":[{"start":{"line":6,"column":58},"end":{"line":14,"column":2}}]},"2":{"type":"branch","line":7,"loc":{"start":{"line":7,"column":50},"end":{"line":7,"column":52}},"locations":[{"start":{"line":7,"column":50},"end":{"line":7,"column":52}}]},"3":{"type":"branch","line":8,"loc":{"start":{"line":8,"column":13},"end":{"line":14,"column":2}},"locations":[{"start":{"line":8,"column":13},"end":{"line":14,"column":2}}]}},"b":{"0":[2],"1":[2],"2":[0],"3":[1]},"fnMap":{},"f":{}}
,"/home/runner/work/express-ts/express-ts/packages/serve/src/service/user/index.ts": {"path":"/home/runner/work/express-ts/express-ts/packages/serve/src/service/user/index.ts","all":false,"statementMap":{"0":{"start":{"line":1,"column":0},"end":{"line":1,"column":35}},"1":{"start":{"line":2,"column":0},"end":{"line":2,"column":62}},"2":{"start":{"line":3,"column":0},"end":{"line":3,"column":47}},"3":{"start":{"line":4,"column":0},"end":{"line":4,"column":29}},"4":{"start":{"line":5,"column":0},"end":{"line":5,"column":35}},"5":{"start":{"line":6,"column":0},"end":{"line":6,"column":48}},"6":{"start":{"line":7,"column":0},"end":{"line":7,"column":0}},"7":{"start":{"line":8,"column":0},"end":{"line":8,"column":48}},"8":{"start":{"line":9,"column":0},"end":{"line":9,"column":13}},"9":{"start":{"line":10,"column":0},"end":{"line":10,"column":15}},"10":{"start":{"line":11,"column":0},"end":{"line":11,"column":3}},"11":{"start":{"line":12,"column":0},"end":{"line":12,"column":39}},"12":{"start":{"line":13,"column":0},"end":{"line":13,"column":24}},"13":{"start":{"line":14,"column":0},"end":{"line":14,"column":21}},"14":{"start":{"line":15,"column":0},"end":{"line":15,"column":20}},"15":{"start":{"line":16,"column":0},"end":{"line":16,"column":17}},"16":{"start":{"line":17,"column":0},"end":{"line":17,"column":6}},"17":{"start":{"line":18,"column":0},"end":{"line":18,"column":14}},"18":{"start":{"line":19,"column":0},"end":{"line":19,"column":15}},"19":{"start":{"line":20,"column":0},"end":{"line":20,"column":3}},"20":{"start":{"line":21,"column":0},"end":{"line":21,"column":13}},"21":{"start":{"line":22,"column":0},"end":{"line":22,"column":1}},"22":{"start":{"line":23,"column":0},"end":{"line":23,"column":0}},"23":{"start":{"line":24,"column":0},"end":{"line":24,"column":53}},"24":{"start":{"line":25,"column":0},"end":{"line":25,"column":34}},"25":{"start":{"line":26,"column":0},"end":{"line":26,"column":79}},"26":{"start":{"line":27,"column":0},"end":{"line":27,"column":20}},"27":{"start":{"line":28,"column":0},"end":{"line":28,"column":16}},"28":{"start":{"line":29,"column":0},"end":{"line":29,"column":12}},"29":{"start":{"line":30,"column":0},"end":{"line":30,"column":4}},"30":{"start":{"line":31,"column":0},"end":{"line":31,"column":21}},"31":{"start":{"line":32,"column":0},"end":{"line":32,"column":24}},"32":{"start":{"line":33,"column":0},"end":{"line":33,"column":37}},"33":{"start":{"line":34,"column":0},"end":{"line":34,"column":31}},"34":{"start":{"line":35,"column":0},"end":{"line":35,"column":3}},"35":{"start":{"line":36,"column":0},"end":{"line":36,"column":0}},"36":{"start":{"line":37,"column":0},"end":{"line":37,"column":41}},"37":{"start":{"line":38,"column":0},"end":{"line":38,"column":7}},"38":{"start":{"line":39,"column":0},"end":{"line":39,"column":49}},"39":{"start":{"line":40,"column":0},"end":{"line":40,"column":15}},"40":{"start":{"line":41,"column":0},"end":{"line":41,"column":67}},"41":{"start":{"line":42,"column":0},"end":{"line":42,"column":27}},"42":{"start":{"line":43,"column":0},"end":{"line":43,"column":21}},"43":{"start":{"line":44,"column":0},"end":{"line":44,"column":39}},"44":{"start":{"line":45,"column":0},"end":{"line":45,"column":65}},"45":{"start":{"line":46,"column":0},"end":{"line":46,"column":0}},"46":{"start":{"line":47,"column":0},"end":{"line":47,"column":44}},"47":{"start":{"line":48,"column":0},"end":{"line":48,"column":56}},"48":{"start":{"line":49,"column":0},"end":{"line":49,"column":73}},"49":{"start":{"line":50,"column":0},"end":{"line":50,"column":30}},"50":{"start":{"line":51,"column":0},"end":{"line":51,"column":65}},"51":{"start":{"line":52,"column":0},"end":{"line":52,"column":36}},"52":{"start":{"line":53,"column":0},"end":{"line":53,"column":67}},"53":{"start":{"line":54,"column":0},"end":{"line":54,"column":37}},"54":{"start":{"line":55,"column":0},"end":{"line":55,"column":9}},"55":{"start":{"line":56,"column":0},"end":{"line":56,"column":35}},"56":{"start":{"line":57,"column":0},"end":{"line":57,"column":14}},"57":{"start":{"line":58,"column":0},"end":{"line":58,"column":19}},"58":{"start":{"line":59,"column":0},"end":{"line":59,"column":7}},"59":{"start":{"line":60,"column":0},"end":{"line":60,"column":12}},"60":{"start":{"line":61,"column":0},"end":{"line":61,"column":17}},"61":{"start":{"line":62,"column":0},"end":{"line":62,"column":5}},"62":{"start":{"line":63,"column":0},"end":{"line":63,"column":15}},"63":{"start":{"line":64,"column":0},"end":{"line":64,"column":42}},"64":{"start":{"line":65,"column":0},"end":{"line":65,"column":31}},"65":{"start":{"line":66,"column":0},"end":{"line":66,"column":3}},"66":{"start":{"line":67,"column":0},"end":{"line":67,"column":1}},"67":{"start":{"line":68,"column":0},"end":{"line":68,"column":0}},"68":{"start":{"line":69,"column":0},"end":{"line":69,"column":66}},"69":{"start":{"line":70,"column":0},"end":{"line":70,"column":7}},"70":{"start":{"line":71,"column":0},"end":{"line":71,"column":41}},"71":{"start":{"line":72,"column":0},"end":{"line":72,"column":61}},"72":{"start":{"line":73,"column":0},"end":{"line":73,"column":30}},"73":{"start":{"line":74,"column":0},"end":{"line":74,"column":20}},"74":{"start":{"line":75,"column":0},"end":{"line":75,"column":38}},"75":{"start":{"line":76,"column":0},"end":{"line":76,"column":24}},"76":{"start":{"line":77,"column":0},"end":{"line":77,"column":18}},"77":{"start":{"line":78,"column":0},"end":{"line":78,"column":15}},"78":{"start":{"line":79,"column":0},"end":{"line":79,"column":28}},"79":{"start":{"line":80,"column":0},"end":{"line":80,"column":3}},"80":{"start":{"line":81,"column":0},"end":{"line":81,"column":1}}},"s":{"0":1,"1":1,"2":1,"3":1,"4":1,"5":1,"6":1,"7":1,"8":2,"9":0,"10":0,"11":2,"12":2,"13":2,"14":1,"15":1,"16":2,"17":2,"18":1,"19":1,"20":1,"21":1,"22":1,"23":1,"24":7,"25":7,"26":7,"27":7,"28":7,"29":7,"30":7,"31":7,"32":7,"33":0,"34":0,"35":7,"36":7,"37":7,"38":7,"39":7,"40":5,"41":5,"42":5,"43":4,"44":4,"45":4,"46":4,"47":4,"48":4,"49":1,"50":1,"51":1,"52":1,"53":1,"54":1,"55":3,"56":5,"57":1,"58":1,"59":7,"60":2,"61":2,"62":7,"63":0,"64":0,"65":0,"66":7,"67":1,"68":1,"69":2,"70":2,"71":2,"72":2,"73":2,"74":2,"75":2,"76":2,"77":2,"78":0,"79":0,"80":2},"branchMap":{"0":{"type":"branch","line":8,"loc":{"start":{"line":8,"column":24},"end":{"line":22,"column":1}},"locations":[{"start":{"line":8,"column":24},"end":{"line":22,"column":1}}]},"1":{"type":"branch","line":8,"loc":{"start":{"line":8,"column":46},"end":{"line":22,"column":1}},"locations":[{"start":{"line":8,"column":46},"end":{"line":22,"column":1}}]},"2":{"type":"branch","line":9,"loc":{"start":{"line":9,"column":12},"end":{"line":11,"column":3}},"locations":[{"start":{"line":9,"column":12},"end":{"line":11,"column":3}}]},"3":{"type":"branch","line":18,"loc":{"start":{"line":18,"column":13},"end":{"line":22,"column":1}},"locations":[{"start":{"line":18,"column":13},"end":{"line":22,"column":1}}]},"4":{"type":"branch","line":14,"loc":{"start":{"line":14,"column":11},"end":{"line":17,"column":5}},"locations":[{"start":{"line":14,"column":11},"end":{"line":17,"column":5}}]},"5":{"type":"branch","line":24,"loc":{"start":{"line":24,"column":25},"end":{"line":67,"column":1}},"locations":[{"start":{"line":24,"column":25},"end":{"line":67,"column":1}}]},"6":{"type":"branch","line":24,"loc":{"start":{"line":24,"column":51},"end":{"line":67,"column":1}},"locations":[{"start":{"line":24,"column":51},"end":{"line":67,"column":1}}]},"7":{"type":"branch","line":26,"loc":{"start":{"line":26,"column":66},"end":{"line":26,"column":68}},"locations":[{"start":{"line":26,"column":66},"end":{"line":26,"column":68}}]},"8":{"type":"branch","line":33,"loc":{"start":{"line":33,"column":36},"end":{"line":35,"column":3}},"locations":[{"start":{"line":33,"column":36},"end":{"line":35,"column":3}}]},"9":{"type":"branch","line":40,"loc":{"start":{"line":40,"column":14},"end":{"line":60,"column":11}},"locations":[{"start":{"line":40,"column":14},"end":{"line":60,"column":11}}]},"10":{"type":"branch","line":43,"loc":{"start":{"line":43,"column":20},"end":{"line":57,"column":13}},"locations":[{"start":{"line":43,"column":20},"end":{"line":57,"column":13}}]},"11":{"type":"branch","line":45,"loc":{"start":{"line":45,"column":43},"end":{"line":45,"column":45}},"locations":[{"start":{"line":45,"column":43},"end":{"line":45,"column":45}}]},"12":{"type":"branch","line":48,"loc":{"start":{"line":48,"column":51},"end":{"line":48,"column":56}},"locations":[{"start":{"line":48,"column":51},"end":{"line":48,"column":56}}]},"13":{"type":"branch","line":49,"loc":{"start":{"line":49,"column":22},"end":{"line":49,"column":70}},"locations":[{"start":{"line":49,"column":22},"end":{"line":49,"column":70}}]},"14":{"type":"branch","line":49,"loc":{"start":{"line":49,"column":72},"end":{"line":55,"column":9}},"locations":[{"start":{"line":49,"column":72},"end":{"line":55,"column":9}}]},"15":{"type":"branch","line":51,"loc":{"start":{"line":51,"column":52},"end":{"line":51,"column":57}},"locations":[{"start":{"line":51,"column":52},"end":{"line":51,"column":57}}]},"16":{"type":"branch","line":53,"loc":{"start":{"line":53,"column":45},"end":{"line":53,"column":47}},"locations":[{"start":{"line":53,"column":45},"end":{"line":53,"column":47}}]},"17":{"type":"branch","line":56,"loc":{"start":{"line":56,"column":-1},"end":{"line":57,"column":13}},"locations":[{"start":{"line":56,"column":-1},"end":{"line":57,"column":13}}]},"18":{"type":"branch","line":57,"loc":{"start":{"line":57,"column":7},"end":{"line":59,"column":7}},"locations":[{"start":{"line":57,"column":7},"end":{"line":59,"column":7}}]},"19":{"type":"branch","line":60,"loc":{"start":{"line":60,"column":5},"end":{"line":62,"column":5}},"locations":[{"start":{"line":60,"column":5},"end":{"line":62,"column":5}}]},"20":{"type":"branch","line":63,"loc":{"start":{"line":63,"column":4},"end":{"line":66,"column":3}},"locations":[{"start":{"line":63,"column":4},"end":{"line":66,"column":3}}]},"21":{"type":"branch","line":69,"loc":{"start":{"line":69,"column":26},"end":{"line":81,"column":1}},"locations":[{"start":{"line":69,"column":26},"end":{"line":81,"column":1}}]},"22":{"type":"branch","line":69,"loc":{"start":{"line":69,"column":64},"end":{"line":81,"column":1}},"locations":[{"start":{"line":69,"column":64},"end":{"line":81,"column":1}}]},"23":{"type":"branch","line":78,"loc":{"start":{"line":78,"column":4},"end":{"line":80,"column":3}},"locations":[{"start":{"line":78,"column":4},"end":{"line":80,"column":3}}]}},"b":{"0":[2],"1":[2],"2":[0],"3":[1],"4":[1],"5":[7],"6":[7],"7":[0],"8":[0],"9":[5],"10":[4],"11":[0],"12":[0],"13":[1],"14":[1],"15":[0],"16":[0],"17":[3],"18":[1],"19":[2],"20":[0],"21":[2],"22":[2],"23":[0]},"fnMap":{"0":{"name":"FindUser","decl":{"start":{"line":8,"column":24},"end":{"line":22,"column":1}},"loc":{"start":{"line":8,"column":24},"end":{"line":22,"column":1}},"line":8},"1":{"name":"CheckUser","decl":{"start":{"line":24,"column":25},"end":{"line":67,"column":1}},"loc":{"start":{"line":24,"column":25},"end":{"line":67,"column":1}},"line":24},"2":{"name":"CreateUser","decl":{"start":{"line":69,"column":26},"end":{"line":81,"column":1}},"loc":{"start":{"line":69,"column":26},"end":{"line":81,"column":1}},"line":69}},"f":{"0":2,"1":7,"2":2}}
,"/home/runner/work/express-ts/express-ts/packages/serve/src/utils/db.ts": {"path":"/home/runner/work/express-ts/express-ts/packages/serve/src/utils/db.ts","all":false,"statementMap":{"0":{"start":{"line":1,"column":0},"end":{"line":1,"column":31}},"1":{"start":{"line":2,"column":0},"end":{"line":2,"column":23}},"2":{"start":{"line":3,"column":0},"end":{"line":3,"column":45}},"3":{"start":{"line":4,"column":0},"end":{"line":4,"column":6}},"4":{"start":{"line":5,"column":0},"end":{"line":5,"column":46}},"5":{"start":{"line":6,"column":0},"end":{"line":6,"column":7}},"6":{"start":{"line":7,"column":0},"end":{"line":7,"column":66}},"7":{"start":{"line":8,"column":0},"end":{"line":8,"column":36}},"8":{"start":{"line":9,"column":0},"end":{"line":9,"column":35}},"9":{"start":{"line":10,"column":0},"end":{"line":10,"column":35}},"10":{"start":{"line":11,"column":0},"end":{"line":11,"column":6}},"11":{"start":{"line":12,"column":0},"end":{"line":12,"column":50}},"12":{"start":{"line":13,"column":0},"end":{"line":13,"column":40}},"13":{"start":{"line":14,"column":0},"end":{"line":14,"column":12}},"14":{"start":{"line":15,"column":0},"end":{"line":15,"column":43}},"15":{"start":{"line":16,"column":0},"end":{"line":16,"column":34}},"16":{"start":{"line":17,"column":0},"end":{"line":17,"column":5}},"17":{"start":{"line":18,"column":0},"end":{"line":18,"column":15}},"18":{"start":{"line":19,"column":0},"end":{"line":19,"column":17}},"19":{"start":{"line":20,"column":0},"end":{"line":20,"column":44}},"20":{"start":{"line":21,"column":0},"end":{"line":21,"column":31}},"21":{"start":{"line":22,"column":0},"end":{"line":22,"column":3}},"22":{"start":{"line":23,"column":0},"end":{"line":23,"column":1}},"23":{"start":{"line":24,"column":0},"end":{"line":24,"column":36}},"24":{"start":{"line":25,"column":0},"end":{"line":25,"column":35}},"25":{"start":{"line":26,"column":0},"end":{"line":26,"column":27}},"26":{"start":{"line":27,"column":0},"end":{"line":27,"column":13}},"27":{"start":{"line":28,"column":0},"end":{"line":28,"column":1}},"28":{"start":{"line":29,"column":0},"end":{"line":29,"column":20}}},"s":{"0":1,"1":1,"2":1,"3":1,"4":1,"5":3,"6":3,"7":3,"8":3,"9":2,"10":3,"11":3,"12":1,"13":2,"14":2,"15":1,"16":1,"17":2,"18":2,"19":1,"20":1,"21":1,"22":3,"23":1,"24":2,"25":1,"26":1,"27":1,"28":1},"branchMap":{"0":{"type":"branch","line":5,"loc":{"start":{"line":5,"column":25},"end":{"line":23,"column":1}},"locations":[{"start":{"line":5,"column":25},"end":{"line":23,"column":1}}]},"1":{"type":"branch","line":5,"loc":{"start":{"line":5,"column":44},"end":{"line":23,"column":1}},"locations":[{"start":{"line":5,"column":44},"end":{"line":23,"column":1}}]},"2":{"type":"branch","line":7,"loc":{"start":{"line":7,"column":32},"end":{"line":7,"column":60}},"locations":[{"start":{"line":7,"column":32},"end":{"line":7,"column":60}}]},"3":{"type":"branch","line":7,"loc":{"start":{"line":7,"column":60},"end":{"line":7,"column":66}},"locations":[{"start":{"line":7,"column":60},"end":{"line":7,"column":66}}]},"4":{"type":"branch","line":12,"loc":{"start":{"line":12,"column":39},"end":{"line":12,"column":47}},"locations":[{"start":{"line":12,"column":39},"end":{"line":12,"column":47}}]},"5":{"type":"branch","line":12,"loc":{"start":{"line":12,"column":49},"end":{"line":22,"column":3}},"locations":[{"start":{"line":12,"column":49},"end":{"line":22,"column":3}}]},"6":{"type":"branch","line":12,"loc":{"start":{"line":12,"column":49},"end":{"line":14,"column":11}},"locations":[{"start":{"line":12,"column":49},"end":{"line":14,"column":11}}]},"7":{"type":"branch","line":16,"loc":{"start":{"line":16,"column":-1},"end":{"line":17,"column":5}},"locations":[{"start":{"line":16,"column":-1},"end":{"line":17,"column":5}}]},"8":{"type":"branch","line":19,"loc":{"start":{"line":19,"column":4},"end":{"line":22,"column":3}},"locations":[{"start":{"line":19,"column":4},"end":{"line":22,"column":3}}]},"9":{"type":"branch","line":9,"loc":{"start":{"line":9,"column":28},"end":{"line":11,"column":5}},"locations":[{"start":{"line":9,"column":28},"end":{"line":11,"column":5}}]},"10":{"type":"branch","line":24,"loc":{"start":{"line":24,"column":23},"end":{"line":28,"column":1}},"locations":[{"start":{"line":24,"column":23},"end":{"line":28,"column":1}}]},"11":{"type":"branch","line":24,"loc":{"start":{"line":24,"column":34},"end":{"line":28,"column":1}},"locations":[{"start":{"line":24,"column":34},"end":{"line":28,"column":1}}]},"12":{"type":"branch","line":26,"loc":{"start":{"line":26,"column":-1},"end":{"line":28,"column":1}},"locations":[{"start":{"line":26,"column":-1},"end":{"line":28,"column":1}}]}},"b":{"0":[3],"1":[3],"2":[2],"3":[2],"4":[2],"5":[2],"6":[1],"7":[1],"8":[1],"9":[2],"10":[2],"11":[2],"12":[1]},"fnMap":{"0":{"name":"ConnectDb","decl":{"start":{"line":5,"column":25},"end":{"line":23,"column":1}},"loc":{"start":{"line":5,"column":25},"end":{"line":23,"column":1}},"line":5},"1":{"name":"CloseDb","decl":{"start":{"line":24,"column":23},"end":{"line":28,"column":1}},"loc":{"start":{"line":24,"column":23},"end":{"line":28,"column":1}},"line":24}},"f":{"0":3,"1":2}}
,"/home/runner/work/express-ts/express-ts/packages/serve/src/utils/index.ts": {"path":"/home/runner/work/express-ts/express-ts/packages/serve/src/utils/index.ts","all":false,"statementMap":{"0":{"start":{"line":1,"column":0},"end":{"line":1,"column":35}},"1":{"start":{"line":2,"column":0},"end":{"line":2,"column":43}},"2":{"start":{"line":3,"column":0},"end":{"line":3,"column":30}},"3":{"start":{"line":4,"column":0},"end":{"line":4,"column":46}},"4":{"start":{"line":5,"column":0},"end":{"line":5,"column":30}},"5":{"start":{"line":6,"column":0},"end":{"line":6,"column":23}},"6":{"start":{"line":7,"column":0},"end":{"line":7,"column":0}},"7":{"start":{"line":8,"column":0},"end":{"line":8,"column":21}},"8":{"start":{"line":9,"column":0},"end":{"line":9,"column":40}},"9":{"start":{"line":10,"column":0},"end":{"line":10,"column":1}},"10":{"start":{"line":11,"column":0},"end":{"line":11,"column":29}},"11":{"start":{"line":12,"column":0},"end":{"line":12,"column":15}},"12":{"start":{"line":13,"column":0},"end":{"line":13,"column":1}},"13":{"start":{"line":14,"column":0},"end":{"line":14,"column":30}},"14":{"start":{"line":15,"column":0},"end":{"line":15,"column":15}},"15":{"start":{"line":16,"column":0},"end":{"line":16,"column":16}},"16":{"start":{"line":17,"column":0},"end":{"line":17,"column":12}},"17":{"start":{"line":18,"column":0},"end":{"line":18,"column":11}},"18":{"start":{"line":19,"column":0},"end":{"line":19,"column":11}},"19":{"start":{"line":20,"column":0},"end":{"line":20,"column":12}},"20":{"start":{"line":21,"column":0},"end":{"line":21,"column":6}},"21":{"start":{"line":22,"column":0},"end":{"line":22,"column":46}},"22":{"start":{"line":23,"column":0},"end":{"line":23,"column":35}},"23":{"start":{"line":24,"column":0},"end":{"line":24,"column":28}},"24":{"start":{"line":25,"column":0},"end":{"line":25,"column":28}},"25":{"start":{"line":26,"column":0},"end":{"line":26,"column":39}},"26":{"start":{"line":27,"column":0},"end":{"line":27,"column":3}},"27":{"start":{"line":28,"column":0},"end":{"line":28,"column":21}},"28":{"start":{"line":29,"column":0},"end":{"line":29,"column":22}},"29":{"start":{"line":30,"column":0},"end":{"line":30,"column":61}},"30":{"start":{"line":31,"column":0},"end":{"line":31,"column":59}},"31":{"start":{"line":32,"column":0},"end":{"line":32,"column":3}},"32":{"start":{"line":33,"column":0},"end":{"line":33,"column":20}},"33":{"start":{"line":34,"column":0},"end":{"line":34,"column":9}},"34":{"start":{"line":35,"column":0},"end":{"line":35,"column":9}},"35":{"start":{"line":36,"column":0},"end":{"line":36,"column":8}},"36":{"start":{"line":37,"column":0},"end":{"line":37,"column":10}},"37":{"start":{"line":38,"column":0},"end":{"line":38,"column":3}},"38":{"start":{"line":39,"column":0},"end":{"line":39,"column":21}},"39":{"start":{"line":40,"column":0},"end":{"line":40,"column":1}},"40":{"start":{"line":41,"column":0},"end":{"line":41,"column":0}},"41":{"start":{"line":42,"column":0},"end":{"line":42,"column":25}},"42":{"start":{"line":43,"column":0},"end":{"line":43,"column":15}},"43":{"start":{"line":44,"column":0},"end":{"line":44,"column":19}},"44":{"start":{"line":45,"column":0},"end":{"line":45,"column":17}},"45":{"start":{"line":46,"column":0},"end":{"line":46,"column":36}},"46":{"start":{"line":47,"column":0},"end":{"line":47,"column":11}},"47":{"start":{"line":48,"column":0},"end":{"line":48,"column":69}},"48":{"start":{"line":49,"column":0},"end":{"line":49,"column":13}},"49":{"start":{"line":50,"column":0},"end":{"line":50,"column":3}},"50":{"start":{"line":51,"column":0},"end":{"line":51,"column":47}},"51":{"start":{"line":52,"column":0},"end":{"line":52,"column":30}},"52":{"start":{"line":53,"column":0},"end":{"line":53,"column":17}},"53":{"start":{"line":54,"column":0},"end":{"line":54,"column":19}},"54":{"start":{"line":55,"column":0},"end":{"line":55,"column":3}},"55":{"start":{"line":56,"column":0},"end":{"line":56,"column":19}},"56":{"start":{"line":57,"column":0},"end":{"line":57,"column":42}},"57":{"start":{"line":58,"column":0},"end":{"line":58,"column":51}},"58":{"start":{"line":59,"column":0},"end":{"line":59,"column":31}},"59":{"start":{"line":60,"column":0},"end":{"line":60,"column":49}},"60":{"start":{"line":61,"column":0},"end":{"line":61,"column":9}},"61":{"start":{"line":62,"column":0},"end":{"line":62,"column":23}},"62":{"start":{"line":63,"column":0},"end":{"line":63,"column":7}},"63":{"start":{"line":64,"column":0},"end":{"line":64,"column":34}},"64":{"start":{"line":65,"column":0},"end":{"line":65,"column":5}},"65":{"start":{"line":66,"column":0},"end":{"line":66,"column":3}},"66":{"start":{"line":67,"column":0},"end":{"line":67,"column":25}},"67":{"start":{"line":68,"column":0},"end":{"line":68,"column":42}},"68":{"start":{"line":69,"column":0},"end":{"line":69,"column":3}},"69":{"start":{"line":70,"column":0},"end":{"line":70,"column":40}},"70":{"start":{"line":71,"column":0},"end":{"line":71,"column":38}},"71":{"start":{"line":72,"column":0},"end":{"line":72,"column":10}},"72":{"start":{"line":73,"column":0},"end":{"line":73,"column":50}},"73":{"start":{"line":74,"column":0},"end":{"line":74,"column":3}},"74":{"start":{"line":75,"column":0},"end":{"line":75,"column":1}},"75":{"start":{"line":76,"column":0},"end":{"line":76,"column":0}},"76":{"start":{"line":77,"column":0},"end":{"line":77,"column":58}},"77":{"start":{"line":78,"column":0},"end":{"line":78,"column":39}},"78":{"start":{"line":79,"column":0},"end":{"line":79,"column":1}},"79":{"start":{"line":80,"column":0},"end":{"line":80,"column":0}},"80":{"start":{"line":81,"column":0},"end":{"line":81,"column":58}},"81":{"start":{"line":82,"column":0},"end":{"line":82,"column":45}},"82":{"start":{"line":83,"column":0},"end":{"line":83,"column":1}},"83":{"start":{"line":84,"column":0},"end":{"line":84,"column":0}},"84":{"start":{"line":85,"column":0},"end":{"line":85,"column":41}},"85":{"start":{"line":86,"column":0},"end":{"line":86,"column":61}},"86":{"start":{"line":87,"column":0},"end":{"line":87,"column":4}}},"s":{"0":1,"1":1,"2":1,"3":1,"4":1,"5":1,"6":1,"7":1,"8":1,"9":1,"10":1,"11":1,"12":1,"13":1,"14":17,"15":17,"16":17,"17":17,"18":17,"19":17,"20":17,"21":17,"22":17,"23":3,"24":3,"25":3,"26":3,"27":17,"28":17,"29":2,"30":2,"31":2,"32":17,"33":17,"34":17,"35":17,"36":17,"37":17,"38":17,"39":17,"40":1,"41":1,"42":26,"43":26,"44":26,"45":26,"46":26,"47":26,"48":1,"49":1,"50":25,"51":25,"52":26,"53":1,"54":1,"55":26,"56":17,"57":18,"58":1,"59":1,"60":1,"61":1,"62":1,"63":17,"64":17,"65":16,"66":26,"67":7,"68":7,"69":26,"70":4,"71":26,"72":19,"73":19,"74":26,"75":1,"76":1,"77":9,"78":9,"79":1,"80":1,"81":6,"82":6,"83":1,"84":1,"85":1,"86":1},"branchMap":{"0":{"type":"branch","line":14,"loc":{"start":{"line":14,"column":23},"end":{"line":40,"column":1}},"locations":[{"start":{"line":14,"column":23},"end":{"line":40,"column":1}}]},"1":{"type":"branch","line":21,"loc":{"start":{"line":21,"column":4},"end":{"line":40,"column":1}},"locations":[{"start":{"line":21,"column":4},"end":{"line":40,"column":1}}]},"2":{"type":"branch","line":23,"loc":{"start":{"line":23,"column":12},"end":{"line":23,"column":32}},"locations":[{"start":{"line":23,"column":12},"end":{"line":23,"column":32}}]},"3":{"type":"branch","line":23,"loc":{"start":{"line":23,"column":34},"end":{"line":27,"column":3}},"locations":[{"start":{"line":23,"column":34},"end":{"line":27,"column":3}}]},"4":{"type":"branch","line":29,"loc":{"start":{"line":29,"column":21},"end":{"line":32,"column":3}},"locations":[{"start":{"line":29,"column":21},"end":{"line":32,"column":3}}]},"5":{"type":"branch","line":30,"loc":{"start":{"line":30,"column":50},"end":{"line":30,"column":55}},"locations":[{"start":{"line":30,"column":50},"end":{"line":30,"column":55}}]},"6":{"type":"branch","line":42,"loc":{"start":{"line":42,"column":24},"end":{"line":75,"column":1}},"locations":[{"start":{"line":42,"column":24},"end":{"line":75,"column":1}}]},"7":{"type":"branch","line":48,"loc":{"start":{"line":48,"column":34},"end":{"line":48,"column":66}},"locations":[{"start":{"line":48,"column":34},"end":{"line":48,"column":66}}]},"8":{"type":"branch","line":48,"loc":{"start":{"line":48,"column":68},"end":{"line":50,"column":3}},"locations":[{"start":{"line":48,"column":68},"end":{"line":50,"column":3}}]},"9":{"type":"branch","line":51,"loc":{"start":{"line":51,"column":-1},"end":{"line":53,"column":16}},"locations":[{"start":{"line":51,"column":-1},"end":{"line":53,"column":16}}]},"10":{"type":"branch","line":53,"loc":{"start":{"line":53,"column":16},"end":{"line":55,"column":3}},"locations":[{"start":{"line":53,"column":16},"end":{"line":55,"column":3}}]},"11":{"type":"branch","line":56,"loc":{"start":{"line":56,"column":-1},"end":{"line":56,"column":18}},"locations":[{"start":{"line":56,"column":-1},"end":{"line":56,"column":18}}]},"12":{"type":"branch","line":56,"loc":{"start":{"line":56,"column":18},"end":{"line":66,"column":3}},"locations":[{"start":{"line":56,"column":18},"end":{"line":66,"column":3}}]},"13":{"type":"branch","line":57,"loc":{"start":{"line":57,"column":41},"end":{"line":65,"column":5}},"locations":[{"start":{"line":57,"column":41},"end":{"line":65,"column":5}}]},"14":{"type":"branch","line":58,"loc":{"start":{"line":58,"column":50},"end":{"line":63,"column":7}},"locations":[{"start":{"line":58,"column":50},"end":{"line":63,"column":7}}]},"15":{"type":"branch","line":64,"loc":{"start":{"line":64,"column":-1},"end":{"line":65,"column":5}},"locations":[{"start":{"line":64,"column":-1},"end":{"line":65,"column":5}}]},"16":{"type":"branch","line":66,"loc":{"start":{"line":66,"column":-1},"end":{"line":66,"column":3}},"locations":[{"start":{"line":66,"column":-1},"end":{"line":66,"column":3}}]},"17":{"type":"branch","line":67,"loc":{"start":{"line":67,"column":-1},"end":{"line":67,"column":24}},"locations":[{"start":{"line":67,"column":-1},"end":{"line":67,"column":24}}]},"18":{"type":"branch","line":67,"loc":{"start":{"line":67,"column":24},"end":{"line":69,"column":3}},"locations":[{"start":{"line":67,"column":24},"end":{"line":69,"column":3}}]},"19":{"type":"branch","line":70,"loc":{"start":{"line":70,"column":-1},"end":{"line":70,"column":39}},"locations":[{"start":{"line":70,"column":-1},"end":{"line":70,"column":39}}]},"20":{"type":"branch","line":70,"loc":{"start":{"line":70,"column":39},"end":{"line":72,"column":9}},"locations":[{"start":{"line":70,"column":39},"end":{"line":72,"column":9}}]},"21":{"type":"branch","line":72,"loc":{"start":{"line":72,"column":3},"end":{"line":74,"column":3}},"locations":[{"start":{"line":72,"column":3},"end":{"line":74,"column":3}}]},"22":{"type":"branch","line":73,"loc":{"start":{"line":73,"column":38},"end":{"line":73,"column":50}},"locations":[{"start":{"line":73,"column":38},"end":{"line":73,"column":50}}]},"23":{"type":"branch","line":77,"loc":{"start":{"line":77,"column":28},"end":{"line":79,"column":1}},"locations":[{"start":{"line":77,"column":28},"end":{"line":79,"column":1}}]},"24":{"type":"branch","line":81,"loc":{"start":{"line":81,"column":28},"end":{"line":83,"column":1}},"locations":[{"start":{"line":81,"column":28},"end":{"line":83,"column":1}}]}},"b":{"0":[17],"1":[17],"2":[12],"3":[3],"4":[2],"5":[1],"6":[26],"7":[1],"8":[1],"9":[25],"10":[1],"11":[24],"12":[17],"13":[18],"14":[1],"15":[17],"16":[16],"17":[23],"18":[7],"19":[23],"20":[4],"21":[19],"22":[8],"23":[9],"24":[6]},"fnMap":{"0":{"name":"ResJson","decl":{"start":{"line":14,"column":23},"end":{"line":40,"column":1}},"loc":{"start":{"line":14,"column":23},"end":{"line":40,"column":1}},"line":14},"1":{"name":"SafeData","decl":{"start":{"line":42,"column":24},"end":{"line":75,"column":1}},"loc":{"start":{"line":42,"column":24},"end":{"line":75,"column":1}},"line":42},"2":{"name":"GetCacheData","decl":{"start":{"line":77,"column":28},"end":{"line":79,"column":1}},"loc":{"start":{"line":77,"column":28},"end":{"line":79,"column":1}},"line":77},"3":{"name":"SetCacheData","decl":{"start":{"line":81,"column":28},"end":{"line":83,"column":1}},"loc":{"start":{"line":81,"column":28},"end":{"line":83,"column":1}},"line":81}},"f":{"0":17,"1":26,"2":9,"3":6}}
,"/home/runner/work/express-ts/express-ts/packages/serve/src/utils/jwt.ts": {"path":"/home/runner/work/express-ts/express-ts/packages/serve/src/utils/jwt.ts","all":false,"statementMap":{"0":{"start":{"line":1,"column":0},"end":{"line":1,"column":30}},"1":{"start":{"line":2,"column":0},"end":{"line":2,"column":27}},"2":{"start":{"line":3,"column":0},"end":{"line":3,"column":44}},"3":{"start":{"line":4,"column":0},"end":{"line":4,"column":0}},"4":{"start":{"line":5,"column":0},"end":{"line":5,"column":48}},"5":{"start":{"line":6,"column":0},"end":{"line":6,"column":51}},"6":{"start":{"line":7,"column":0},"end":{"line":7,"column":13}},"7":{"start":{"line":8,"column":0},"end":{"line":8,"column":14}},"8":{"start":{"line":9,"column":0},"end":{"line":9,"column":30}},"9":{"start":{"line":10,"column":0},"end":{"line":10,"column":48}},"10":{"start":{"line":11,"column":0},"end":{"line":11,"column":23}},"11":{"start":{"line":12,"column":0},"end":{"line":12,"column":35}},"12":{"start":{"line":13,"column":0},"end":{"line":13,"column":35}},"13":{"start":{"line":14,"column":0},"end":{"line":14,"column":7}},"14":{"start":{"line":15,"column":0},"end":{"line":15,"column":5}},"15":{"start":{"line":16,"column":0},"end":{"line":16,"column":4}},"16":{"start":{"line":17,"column":0},"end":{"line":17,"column":1}}},"s":{"0":1,"1":1,"2":1,"3":1,"4":1,"5":8,"6":8,"7":8,"8":8,"9":8,"10":8,"11":7,"12":7,"13":7,"14":8,"15":8,"16":8},"branchMap":{"0":{"type":"branch","line":5,"loc":{"start":{"line":5,"column":22},"end":{"line":17,"column":1}},"locations":[{"start":{"line":5,"column":22},"end":{"line":17,"column":1}}]},"1":{"type":"branch","line":6,"loc":{"start":{"line":6,"column":29},"end":{"line":16,"column":3}},"locations":[{"start":{"line":6,"column":29},"end":{"line":16,"column":3}}]},"2":{"type":"branch","line":11,"loc":{"start":{"line":11,"column":6},"end":{"line":14,"column":7}},"locations":[{"start":{"line":11,"column":6},"end":{"line":14,"column":7}}]},"3":{"type":"branch","line":12,"loc":{"start":{"line":12,"column":17},"end":{"line":12,"column":35}},"locations":[{"start":{"line":12,"column":17},"end":{"line":12,"column":35}}]},"4":{"type":"branch","line":13,"loc":{"start":{"line":13,"column":28},"end":{"line":13,"column":34}},"locations":[{"start":{"line":13,"column":28},"end":{"line":13,"column":34}}]}},"b":{"0":[8],"1":[8],"2":[7],"3":[0],"4":[0]},"fnMap":{"0":{"name":"GetJwt","decl":{"start":{"line":5,"column":22},"end":{"line":17,"column":1}},"loc":{"start":{"line":5,"column":22},"end":{"line":17,"column":1}},"line":5}},"f":{"0":8}}
}
