TN:
SF:src/app.ts
FN:16,createApp
FN:37,write
FNF:2
FNH:2
FNDA:1,createApp
FNDA:48,write
DA:1,1
DA:2,1
DA:3,1
DA:4,1
DA:5,1
DA:6,1
DA:7,1
DA:8,1
DA:9,1
DA:10,1
DA:11,1
DA:12,1
DA:13,1
DA:14,1
DA:15,1
DA:16,1
DA:17,1
DA:18,1
DA:19,1
DA:20,1
DA:21,1
DA:22,1
DA:23,1
DA:24,1
DA:25,1
DA:26,1
DA:27,1
DA:28,1
DA:29,1
DA:30,1
DA:31,1
DA:32,1
DA:33,1
DA:34,1
DA:35,1
DA:36,1
DA:37,1
DA:38,48
DA:39,48
DA:40,1
DA:41,1
DA:42,1
DA:43,1
DA:44,1
DA:45,1
DA:46,1
DA:47,1
DA:48,1
LF:48
LH:48
BRDA:12,0,0,0
BRDA:16,1,0,1
BRDA:20,2,0,0
BRDA:21,3,0,0
BRDA:23,4,0,1
BRDA:37,5,0,48
BRF:6
BRH:3
end_of_record
TN:
SF:src/msg.ts
FNF:0
FNH:0
DA:1,1
DA:2,1
DA:3,1
DA:4,1
DA:5,1
DA:6,1
DA:7,1
DA:8,1
DA:9,1
DA:10,1
DA:11,1
LF:11
LH:11
BRF:0
BRH:0
end_of_record
TN:
SF:src/middleware/auth.ts
FN:6,default_1
FNF:1
FNH:1
FNDA:4,default_1
DA:1,1
DA:2,1
DA:3,1
DA:4,1
DA:5,1
DA:6,4
DA:7,4
DA:8,4
DA:9,1
DA:10,1
DA:11,1
DA:12,3
DA:13,4
DA:14,4
DA:15,4
DA:16,4
DA:17,2
DA:18,4
DA:19,0
DA:20,0
DA:21,2
DA:22,2
DA:23,4
DA:24,1
DA:25,1
DA:26,1
DA:27,4
LF:27
LH:25
BRDA:6,0,0,4
BRDA:7,1,0,0
BRDA:8,2,0,1
BRDA:12,3,0,3
BRDA:13,4,0,0
BRDA:15,5,0,2
BRDA:15,6,0,0
BRDA:15,7,0,2
BRDA:15,8,0,0
BRDA:16,9,0,0
BRDA:16,10,0,2
BRDA:18,11,0,0
BRDA:21,12,0,2
BRDA:23,13,0,1
BRF:14
BRH:8
end_of_record
TN:
SF:src/models/User.ts
FNF:0
FNH:0
DA:1,1
DA:2,1
DA:3,1
DA:4,1
DA:5,1
DA:6,1
DA:7,1
DA:8,1
DA:9,1
DA:10,1
DA:11,1
DA:12,1
DA:13,1
DA:14,1
DA:15,1
DA:16,1
DA:17,1
DA:18,1
DA:19,1
DA:20,1
DA:21,1
DA:22,1
DA:23,1
DA:24,1
DA:25,1
DA:26,1
DA:27,1
DA:28,1
DA:29,1
DA:30,1
DA:31,1
DA:32,1
DA:33,1
DA:34,1
DA:35,1
DA:36,1
DA:37,1
DA:38,1
DA:39,1
LF:39
LH:39
BRF:0
BRH:0
end_of_record
TN:
SF:src/routes/api/pub.ts
FNF:0
FNH:0
DA:1,1
DA:2,1
DA:3,1
DA:4,1
DA:5,1
DA:6,1
DA:7,1
DA:8,1
DA:9,1
DA:10,1
DA:11,1
DA:12,1
DA:13,1
DA:14,1
DA:15,1
DA:16,1
DA:17,1
DA:18,1
DA:19,1
DA:20,1
DA:21,12
DA:22,12
DA:23,11
DA:24,12
DA:25,1
DA:26,1
DA:27,12
DA:28,12
DA:29,5
DA:30,5
DA:31,5
DA:32,7
DA:33,7
DA:34,3
DA:35,12
DA:36,2
DA:37,2
DA:38,12
DA:39,1
DA:40,1
DA:41,1
DA:42,3
DA:43,3
DA:44,3
DA:45,3
DA:46,12
DA:47,4
DA:48,4
DA:49,4
DA:50,12
DA:51,1
DA:52,1
DA:53,1
LF:53
LH:53
BRDA:20,0,0,12
BRDA:20,1,0,12
BRDA:22,2,0,11
BRDA:24,3,0,1
BRDA:28,4,0,5
BRDA:32,5,0,7
BRDA:34,6,0,3
BRDA:35,7,0,2
BRDA:38,8,0,1
BRDA:42,9,0,3
BRDA:46,10,0,4
BRDA:47,11,0,0
BRF:12
BRH:11
end_of_record
TN:
SF:src/routes/api/user.ts
FNF:0
FNH:0
DA:1,1
DA:2,1
DA:3,1
DA:4,1
DA:5,1
DA:6,1
DA:7,2
DA:8,2
DA:9,1
DA:10,1
DA:11,1
DA:12,1
DA:13,1
DA:14,1
DA:15,1
DA:16,1
LF:16
LH:16
BRDA:6,0,0,2
BRDA:6,1,0,2
BRDA:7,2,0,0
BRDA:8,3,0,1
BRF:4
BRH:3
end_of_record
TN:
SF:src/service/user/index.ts
FN:8,FindUser
FN:24,CheckUser
FN:69,CreateUser
FNF:3
FNH:3
FNDA:2,FindUser
FNDA:7,CheckUser
FNDA:2,CreateUser
DA:1,1
DA:2,1
DA:3,1
DA:4,1
DA:5,1
DA:6,1
DA:7,1
DA:8,1
DA:9,2
DA:10,0
DA:11,0
DA:12,2
DA:13,2
DA:14,2
DA:15,1
DA:16,1
DA:17,2
DA:18,2
DA:19,1
DA:20,1
DA:21,1
DA:22,1
DA:23,1
DA:24,1
DA:25,7
DA:26,7
DA:27,7
DA:28,7
DA:29,7
DA:30,7
DA:31,7
DA:32,7
DA:33,7
DA:34,0
DA:35,0
DA:36,7
DA:37,7
DA:38,7
DA:39,7
DA:40,7
DA:41,5
DA:42,5
DA:43,5
DA:44,4
DA:45,4
DA:46,4
DA:47,4
DA:48,4
DA:49,4
DA:50,1
DA:51,1
DA:52,1
DA:53,1
DA:54,1
DA:55,1
DA:56,3
DA:57,5
DA:58,1
DA:59,1
DA:60,7
DA:61,2
DA:62,2
DA:63,7
DA:64,0
DA:65,0
DA:66,0
DA:67,7
DA:68,1
DA:69,1
DA:70,2
DA:71,2
DA:72,2
DA:73,2
DA:74,2
DA:75,2
DA:76,2
DA:77,2
DA:78,2
DA:79,0
DA:80,0
DA:81,2
LF:81
LH:72
BRDA:8,0,0,2
BRDA:8,1,0,2
BRDA:9,2,0,0
BRDA:18,3,0,1
BRDA:14,4,0,1
BRDA:24,5,0,7
BRDA:24,6,0,7
BRDA:26,7,0,0
BRDA:33,8,0,0
BRDA:40,9,0,5
BRDA:43,10,0,4
BRDA:45,11,0,0
BRDA:48,12,0,0
BRDA:49,13,0,1
BRDA:49,14,0,1
BRDA:51,15,0,0
BRDA:53,16,0,0
BRDA:56,17,0,3
BRDA:57,18,0,1
BRDA:60,19,0,2
BRDA:63,20,0,0
BRDA:69,21,0,2
BRDA:69,22,0,2
BRDA:78,23,0,0
BRF:24
BRH:15
end_of_record
TN:
SF:src/utils/db.ts
FN:5,ConnectDb
FN:24,CloseDb
FNF:2
FNH:2
FNDA:3,ConnectDb
FNDA:2,CloseDb
DA:1,1
DA:2,1
DA:3,1
DA:4,1
DA:5,1
DA:6,3
DA:7,3
DA:8,3
DA:9,3
DA:10,2
DA:11,3
DA:12,3
DA:13,1
DA:14,2
DA:15,2
DA:16,1
DA:17,1
DA:18,2
DA:19,2
DA:20,1
DA:21,1
DA:22,1
DA:23,3
DA:24,1
DA:25,2
DA:26,1
DA:27,1
DA:28,1
DA:29,1
LF:29
LH:29
BRDA:5,0,0,3
BRDA:5,1,0,3
BRDA:7,2,0,2
BRDA:7,3,0,2
BRDA:12,4,0,2
BRDA:12,5,0,2
BRDA:12,6,0,1
BRDA:16,7,0,1
BRDA:19,8,0,1
BRDA:9,9,0,2
BRDA:24,10,0,2
BRDA:24,11,0,2
BRDA:26,12,0,1
BRF:13
BRH:13
end_of_record
TN:
SF:src/utils/index.ts
FN:14,ResJson
FN:42,SafeData
FN:77,GetCacheData
FN:81,SetCacheData
FNF:4
FNH:4
FNDA:17,ResJson
FNDA:26,SafeData
FNDA:9,GetCacheData
FNDA:6,SetCacheData
DA:1,1
DA:2,1
DA:3,1
DA:4,1
DA:5,1
DA:6,1
DA:7,1
DA:8,1
DA:9,1
DA:10,1
DA:11,1
DA:12,1
DA:13,1
DA:14,1
DA:15,17
DA:16,17
DA:17,17
DA:18,17
DA:19,17
DA:20,17
DA:21,17
DA:22,17
DA:23,17
DA:24,3
DA:25,3
DA:26,3
DA:27,3
DA:28,17
DA:29,17
DA:30,2
DA:31,2
DA:32,2
DA:33,17
DA:34,17
DA:35,17
DA:36,17
DA:37,17
DA:38,17
DA:39,17
DA:40,17
DA:41,1
DA:42,1
DA:43,26
DA:44,26
DA:45,26
DA:46,26
DA:47,26
DA:48,26
DA:49,1
DA:50,1
DA:51,25
DA:52,25
DA:53,26
DA:54,1
DA:55,1
DA:56,26
DA:57,17
DA:58,18
DA:59,1
DA:60,1
DA:61,1
DA:62,1
DA:63,1
DA:64,17
DA:65,17
DA:66,16
DA:67,26
DA:68,7
DA:69,7
DA:70,26
DA:71,4
DA:72,26
DA:73,19
DA:74,19
DA:75,26
DA:76,1
DA:77,1
DA:78,9
DA:79,9
DA:80,1
DA:81,1
DA:82,6
DA:83,6
DA:84,1
DA:85,1
DA:86,1
DA:87,1
LF:87
LH:87
BRDA:14,0,0,17
BRDA:21,1,0,17
BRDA:23,2,0,12
BRDA:23,3,0,3
BRDA:29,4,0,2
BRDA:30,5,0,1
BRDA:42,6,0,26
BRDA:48,7,0,1
BRDA:48,8,0,1
BRDA:51,9,0,25
BRDA:53,10,0,1
BRDA:56,11,0,24
BRDA:56,12,0,17
BRDA:57,13,0,18
BRDA:58,14,0,1
BRDA:64,15,0,17
BRDA:66,16,0,16
BRDA:67,17,0,23
BRDA:67,18,0,7
BRDA:70,19,0,23
BRDA:70,20,0,4
BRDA:72,21,0,19
BRDA:73,22,0,8
BRDA:77,23,0,9
BRDA:81,24,0,6
BRF:25
BRH:25
end_of_record
TN:
SF:src/utils/jwt.ts
FN:5,GetJwt
FNF:1
FNH:1
FNDA:8,GetJwt
DA:1,1
DA:2,1
DA:3,1
DA:4,1
DA:5,1
DA:6,8
DA:7,8
DA:8,8
DA:9,8
DA:10,8
DA:11,8
DA:12,7
DA:13,7
DA:14,7
DA:15,8
DA:16,8
DA:17,8
LF:17
LH:17
BRDA:5,0,0,8
BRDA:6,1,0,8
BRDA:11,2,0,7
BRDA:12,3,0,0
BRDA:13,4,0,0
BRF:5
BRH:3
end_of_record
